\BOOKMARK [0][-]{chapter*.1}{\376\377\000C\000h\000a\000r\000a\000c\000t\000e\000r\000i\000s\000i\000n\000g\000\040\000D\000i\000o\000d\000e\000s\000;\000\040\000I\000-\000V\000\040\000C\000u\000r\000v\000e}{}% 1
\BOOKMARK [1][-]{section*.2}{\376\377\000D\000e\000s\000i\000g\000n\000\040\000O\000b\000j\000e\000c\000t\000i\000v\000e}{chapter*.1}% 2
\BOOKMARK [1][-]{section*.2}{\376\377\000C\000i\000r\000c\000u\000i\000t\000\040\000D\000e\000s\000i\000g\000n\000\040\000O\000u\000t\000l\000i\000n\000e}{chapter*.1}% 3
\BOOKMARK [1][-]{subfigure.1.4}{\376\377\000D\000e\000s\000c\000r\000i\000p\000t\000i\000o\000n\000s\000\040\000o\000f\000\040\000M\000e\000a\000s\000u\000r\000e\000m\000e\000n\000t\000s\000\040\000\046\000\040\000C\000a\000l\000c\000u\000l\000a\000t\000i\000o\000n\000s}{chapter*.1}% 4
\BOOKMARK [2][-]{section*.5}{\376\377\000A\000n\000a\000l\000y\000s\000i\000s}{subfigure.1.4}% 5
\BOOKMARK [1][-]{subfigure.1.2}{\376\377\000S\000u\000m\000m\000a\000r\000y\000\040\000\046\000\040\000C\000o\000n\000c\000l\000u\000s\000i\000o\000n\000s}{chapter*.1}% 6
\BOOKMARK [0][-]{chapter*.7}{\376\377\000C\000h\000a\000r\000a\000c\000t\000e\000r\000i\000s\000i\000n\000g\000\040\000Z\000e\000n\000e\000r\000\040\000D\000i\000o\000d\000e\000s\000;\000\040\000I\000-\000V\000\040\000C\000u\000r\000v\000e}{}% 7
\BOOKMARK [1][-]{section*.8}{\376\377\000D\000e\000s\000i\000g\000n\000\040\000O\000b\000j\000e\000c\000t\000i\000v\000e}{chapter*.7}% 8
\BOOKMARK [1][-]{section*.8}{\376\377\000C\000i\000r\000c\000u\000i\000t\000\040\000D\000e\000s\000i\000g\000n\000\040\000O\000u\000t\000l\000i\000n\000e}{chapter*.7}% 9
\BOOKMARK [1][-]{subfigure.2.4}{\376\377\000D\000e\000s\000c\000r\000i\000p\000t\000i\000o\000n\000s\000\040\000o\000f\000\040\000M\000e\000a\000s\000u\000r\000e\000m\000e\000n\000t\000s\000\040\000\046\000\040\000C\000a\000l\000c\000u\000l\000a\000t\000i\000o\000n\000s}{chapter*.7}% 10
\BOOKMARK [1][-]{subfigure.2.2}{\376\377\000S\000u\000m\000m\000a\000r\000y\000\040\000\046\000\040\000C\000o\000n\000c\000l\000u\000s\000i\000o\000n\000s}{chapter*.7}% 11
\BOOKMARK [2][-]{section*.12}{\376\377\000D\000i\000s\000c\000u\000s\000s\000i\000o\000n}{subfigure.2.2}% 12
\BOOKMARK [0][-]{chapter*.13}{\376\377\000V\000o\000l\000t\000a\000g\000e\000\040\000L\000i\000m\000i\000t\000e\000r\000\040\000C\000i\000r\000c\000u\000i\000t\000s\000;\000\040\000S\000t\000a\000n\000d\000a\000r\000d\000\040\000\046\000\040\000Z\000e\000n\000e\000r\000\040\000D\000i\000o\000d\000e}{}% 13
\BOOKMARK [1][-]{section*.14}{\376\377\000D\000e\000s\000i\000g\000n\000\040\000O\000b\000j\000e\000c\000t\000i\000v\000e}{chapter*.13}% 14
\BOOKMARK [1][-]{section*.14}{\376\377\000C\000i\000r\000c\000u\000i\000t\000\040\000D\000e\000s\000i\000g\000n\000\040\000O\000u\000t\000l\000i\000n\000e}{chapter*.13}% 15
\BOOKMARK [1][-]{subfigure.2.5}{\376\377\000D\000e\000s\000c\000r\000i\000p\000t\000i\000o\000n\000s\000\040\000o\000f\000\040\000M\000e\000a\000s\000u\000r\000e\000m\000e\000n\000t\000s\000\040\000\046\000\040\000C\000a\000l\000c\000u\000l\000a\000t\000i\000o\000n\000s}{chapter*.13}% 16
\BOOKMARK [1][-]{subfigure.2.4}{\376\377\000S\000u\000m\000m\000a\000r\000y\000\040\000\046\000\040\000C\000o\000n\000c\000l\000u\000s\000i\000o\000n\000s}{chapter*.13}% 17
\BOOKMARK [2][-]{section*.19}{\376\377\000D\000i\000s\000c\000u\000s\000s\000i\000o\000n}{subfigure.2.4}% 18
\BOOKMARK [0][-]{chapter*.20}{\376\377\000F\000u\000l\000l\000-\000W\000a\000v\000e\000\040\000B\000r\000i\000d\000g\000e\000\040\000R\000e\000c\000t\000i\000f\000i\000e\000r\000\040\000C\000i\000r\000c\000u\000i\000t}{}% 19
\BOOKMARK [1][-]{section*.21}{\376\377\000D\000e\000s\000i\000g\000n\000\040\000O\000b\000j\000e\000c\000t\000i\000v\000e}{chapter*.20}% 20
\BOOKMARK [1][-]{section*.21}{\376\377\000C\000i\000r\000c\000u\000i\000t\000\040\000D\000e\000s\000i\000g\000n\000\040\000O\000u\000t\000l\000i\000n\000e}{chapter*.20}% 21
\BOOKMARK [1][-]{subfigure.4.2}{\376\377\000D\000e\000s\000c\000r\000i\000p\000t\000i\000o\000n\000s\000\040\000o\000f\000\040\000M\000e\000a\000s\000u\000r\000e\000m\000e\000n\000t\000s\000\040\000\046\000\040\000C\000a\000l\000c\000u\000l\000a\000t\000i\000o\000n\000s}{chapter*.20}% 22
\BOOKMARK [1][-]{subfigure.5.3}{\376\377\000S\000u\000m\000m\000a\000r\000y\000\040\000\046\000\040\000C\000o\000n\000c\000l\000u\000s\000i\000o\000n\000s}{chapter*.20}% 23
\BOOKMARK [2][-]{section*.25}{\376\377\000D\000i\000s\000c\000u\000s\000s\000i\000o\000n}{subfigure.5.3}% 24
\BOOKMARK [0][-]{chapter*.26}{\376\377\000A\000d\000d\000e\000n\000d\000u\000m\000\040\000P\000a\000g\000e\000s}{}% 25
\BOOKMARK [1][-]{subfigure.6.1}{\376\377\000B\000i\000b\000l\000i\000o\000g\000r\000a\000p\000h\000y}{chapter*.26}% 26
